<?xml version="1.0" encoding="UTF-8"?>
<testng-results ignored="0" total="1" passed="1" failed="0" skipped="0">
  <reporter-output>
  </reporter-output>
  <suite started-at="2025-10-22T18:03:34 IST" name="Default suite" finished-at="2025-10-22T18:07:38 IST" duration-ms="243547">
    <groups>
    </groups>
    <test started-at="2025-10-22T18:03:34 IST" name="Default test" finished-at="2025-10-22T18:07:38 IST" duration-ms="243547">
      <class name="pixel9a.Pixel9aCommunityProgram_Test">
        <test-method is-config="true" signature="bsuite()[pri:0, instance:pixel9a.Pixel9aCommunityProgram_Test@198b6731]" started-at="2025-10-22T18:03:34 IST" name="bsuite" finished-at="2025-10-22T18:03:34 IST" duration-ms="19" status="PASS">
          <reporter-output>
          </reporter-output>
        </test-method> <!-- bsuite -->
        <test-method is-config="true" signature="btest()[pri:0, instance:pixel9a.Pixel9aCommunityProgram_Test@198b6731]" started-at="2025-10-22T18:03:34 IST" name="btest" finished-at="2025-10-22T18:03:34 IST" duration-ms="0" status="PASS">
          <reporter-output>
          </reporter-output>
        </test-method> <!-- btest -->
        <test-method is-config="true" signature="bClass()[pri:0, instance:pixel9a.Pixel9aCommunityProgram_Test@198b6731]" started-at="2025-10-22T18:03:34 IST" name="bClass" finished-at="2025-10-22T18:03:51 IST" duration-ms="16271" status="PASS">
          <reporter-output>
          </reporter-output>
        </test-method> <!-- bClass -->
        <test-method is-config="true" signature="bMethod()[pri:0, instance:pixel9a.Pixel9aCommunityProgram_Test@198b6731]" started-at="2025-10-22T18:03:51 IST" name="bMethod" finished-at="2025-10-22T18:04:25 IST" duration-ms="34157" status="PASS">
          <reporter-output>
          </reporter-output>
        </test-method> <!-- bMethod -->
        <test-method signature="CommunityProgram_Test()[pri:0, instance:pixel9a.Pixel9aCommunityProgram_Test@198b6731]" started-at="2025-10-22T18:04:25 IST" name="CommunityProgram_Test" finished-at="2025-10-22T18:07:38 IST" duration-ms="192882" status="PASS">
          <reporter-output>
          </reporter-output>
        </test-method> <!-- CommunityProgram_Test -->
        <test-method is-config="true" signature="amethod()[pri:0, instance:pixel9a.Pixel9aCommunityProgram_Test@198b6731]" started-at="2025-10-22T18:07:38 IST" name="amethod" finished-at="2025-10-22T18:07:38 IST" duration-ms="31" status="PASS">
          <reporter-output>
          </reporter-output>
        </test-method> <!-- amethod -->
        <test-method is-config="true" signature="aclass()[pri:0, instance:pixel9a.Pixel9aCommunityProgram_Test@198b6731]" started-at="2025-10-22T18:07:38 IST" name="aclass" finished-at="2025-10-22T18:07:38 IST" duration-ms="3" status="PASS">
          <reporter-output>
          </reporter-output>
        </test-method> <!-- aclass -->
        <test-method is-config="true" signature="atest()[pri:0, instance:pixel9a.Pixel9aCommunityProgram_Test@198b6731]" started-at="2025-10-22T18:07:38 IST" name="atest" finished-at="2025-10-22T18:07:38 IST" duration-ms="2" status="PASS">
          <reporter-output>
          </reporter-output>
        </test-method> <!-- atest -->
        <test-method is-config="true" signature="asuite()[pri:0, instance:pixel9a.Pixel9aCommunityProgram_Test@198b6731]" started-at="2025-10-22T18:07:38 IST" name="asuite" finished-at="2025-10-22T18:07:38 IST" duration-ms="2" status="PASS">
          <reporter-output>
          </reporter-output>
        </test-method> <!-- asuite -->
      </class> <!-- pixel9a.Pixel9aCommunityProgram_Test -->
    </test> <!-- Default test -->
  </suite> <!-- Default suite -->
</testng-results>
