<?xml version="1.0" encoding="UTF-8"?>
<testng-results ignored="0" total="2" passed="2" failed="0" skipped="0">
  <reporter-output>
  </reporter-output>
  <suite started-at="2025-10-27T15:14:00 IST" name="Default suite" finished-at="2025-10-27T15:14:19 IST" duration-ms="18624">
    <groups>
    </groups>
    <test started-at="2025-10-27T15:14:00 IST" name="Default test" finished-at="2025-10-27T15:14:19 IST" duration-ms="18624">
      <class name="howToInstallAndRemoveApp.Demo">
        <test-method is-config="true" signature="bSuite()[pri:0, instance:howToInstallAndRemoveApp.Demo@3857f613]" started-at="2025-10-27T15:14:00 IST" name="bSuite" finished-at="2025-10-27T15:14:00 IST" duration-ms="244" status="PASS">
          <reporter-output>
          </reporter-output>
        </test-method> <!-- bSuite -->
        <test-method is-config="true" signature="bTest()[pri:0, instance:howToInstallAndRemoveApp.Demo@3857f613]" started-at="2025-10-27T15:14:00 IST" name="bTest" finished-at="2025-10-27T15:14:00 IST" duration-ms="1" status="PASS">
          <reporter-output>
          </reporter-output>
        </test-method> <!-- bTest -->
        <test-method is-config="true" signature="bClass()[pri:0, instance:howToInstallAndRemoveApp.Demo@3857f613]" started-at="2025-10-27T15:14:00 IST" name="bClass" finished-at="2025-10-27T15:14:07 IST" duration-ms="6906" status="PASS">
          <reporter-output>
          </reporter-output>
        </test-method> <!-- bClass -->
        <test-method is-config="true" signature="bMethod()[pri:0, instance:howToInstallAndRemoveApp.Demo@3857f613]" started-at="2025-10-27T15:14:07 IST" name="bMethod" finished-at="2025-10-27T15:14:07 IST" duration-ms="13" status="PASS">
          <reporter-output>
          </reporter-output>
        </test-method> <!-- bMethod -->
        <test-method signature="installApk()[pri:0, instance:howToInstallAndRemoveApp.Demo@3857f613]" started-at="2025-10-27T15:14:07 IST" name="installApk" finished-at="2025-10-27T15:14:15 IST" duration-ms="8130" status="PASS">
          <reporter-output>
          </reporter-output>
        </test-method> <!-- installApk -->
        <test-method is-config="true" signature="aMethod()[pri:0, instance:howToInstallAndRemoveApp.Demo@3857f613]" started-at="2025-10-27T15:14:15 IST" name="aMethod" finished-at="2025-10-27T15:14:15 IST" duration-ms="1" status="PASS">
          <reporter-output>
          </reporter-output>
        </test-method> <!-- aMethod -->
        <test-method is-config="true" signature="bMethod()[pri:0, instance:howToInstallAndRemoveApp.Demo@3857f613]" started-at="2025-10-27T15:14:15 IST" name="bMethod" finished-at="2025-10-27T15:14:15 IST" duration-ms="11" status="PASS">
          <reporter-output>
          </reporter-output>
        </test-method> <!-- bMethod -->
        <test-method signature="terminateApk()[pri:0, instance:howToInstallAndRemoveApp.Demo@3857f613]" started-at="2025-10-27T15:14:15 IST" name="terminateApk" finished-at="2025-10-27T15:14:18 IST" duration-ms="3138" status="PASS">
          <reporter-output>
          </reporter-output>
        </test-method> <!-- terminateApk -->
        <test-method is-config="true" signature="aMethod()[pri:0, instance:howToInstallAndRemoveApp.Demo@3857f613]" started-at="2025-10-27T15:14:18 IST" name="aMethod" finished-at="2025-10-27T15:14:18 IST" duration-ms="1" status="PASS">
          <reporter-output>
          </reporter-output>
        </test-method> <!-- aMethod -->
        <test-method is-config="true" signature="aClass()[pri:0, instance:howToInstallAndRemoveApp.Demo@3857f613]" started-at="2025-10-27T15:14:18 IST" name="aClass" finished-at="2025-10-27T15:14:19 IST" duration-ms="390" status="PASS">
          <reporter-output>
          </reporter-output>
        </test-method> <!-- aClass -->
        <test-method is-config="true" signature="aTest()[pri:0, instance:howToInstallAndRemoveApp.Demo@3857f613]" started-at="2025-10-27T15:14:19 IST" name="aTest" finished-at="2025-10-27T15:14:19 IST" duration-ms="0" status="PASS">
          <reporter-output>
          </reporter-output>
        </test-method> <!-- aTest -->
        <test-method is-config="true" signature="aSuite()[pri:0, instance:howToInstallAndRemoveApp.Demo@3857f613]" started-at="2025-10-27T15:14:19 IST" name="aSuite" finished-at="2025-10-27T15:14:19 IST" duration-ms="242" status="PASS">
          <reporter-output>
          </reporter-output>
        </test-method> <!-- aSuite -->
      </class> <!-- howToInstallAndRemoveApp.Demo -->
    </test> <!-- Default test -->
  </suite> <!-- Default suite -->
</testng-results>
