<?xml version="1.0" encoding="UTF-8"?>
<!-- Generated by org.testng.reporters.JUnitXMLReporter -->
<testsuite ignored="2" hostname="DESKTOP-HBPR2UE" failures="0" tests="1" name="Default test" time="28.989" errors="0" timestamp="2025-10-17T15:36:38 IST">
  <testcase classname="pixel9a.Pixel_test" name="continueBTn" time="28.951"/>
  <testcase classname="pixel9a.Pixel_test" name="signup" time="0.0">
    <ignored/>
  </testcase> <!-- signup -->
  <testcase classname="pixel9a.Pixel_test" name="app" time="0.0">
    <ignored/>
  </testcase> <!-- app -->
</testsuite> <!-- Default test -->
