<?xml version="1.0" encoding="UTF-8"?>
<!-- Generated by org.testng.reporters.JUnitXMLReporter -->
<testsuite ignored="2" hostname="DESKTOP-HBPR2UE" failures="1" tests="1" name="Default test" time="40.963" errors="0" timestamp="2025-10-14T18:27:22 IST">
  <testcase classname="pixel9a.Pixel_test" name="signup" time="40.915">
    <failure type="org.openqa.selenium.InvalidElementStateException" message="ACTION_SET_PROGRESS has failed on the element &amp;apos;android.view.accessibility.AccessibilityNodeInfo@e2a7; boundsInParent: Rect(0, 0 - 197, 48); boundsInScreen: Rect(422, 1136 - 939, 1262); boundsInWindow: Rect(422, 1136 - 939, 1262); packageName: org.plasticbank.app; className: android.widget.EditText; text: ; error: null; maxTextLength: -1; stateDescription: null; contentDescription: null; tooltipText: ; containerTitle: null; viewIdResName: ion-input-3; uniqueId: 691; checkable: false; checked: false; focusable: true; focused: false; selected: false; clickable: true; longClickable: false; contextClickable: false; enabled: true; password: false; scrollable: false; granularScrollingSupported: false; importantForAccessibility: false; visible: true; actions: [AccessibilityAction: ACTION_SHOW_ON_SCREEN - null, AccessibilityAction: ACTION_CONTEXT_CLICK - null, AccessibilityAction: ACTION_SET_PROGRESS - null, AccessibilityAction: ACTION_IME_ENTER - null, AccessibilityAction: ACTION_NEXT_HTML_ELEMENT - null, AccessibilityAction: ACTION_PREVIOUS_HTML_ELEMENT - null, AccessibilityAction: ACTION_SET_TEXT - null, AccessibilityAction: ACTION_PASTE - null, AccessibilityAction: ACTION_FOCUS - null, AccessibilityAction: ACTION_CLICK - null, AccessibilityAction: ACTION_ACCESSIBILITY_FOCUS - null]; isTextSelectable: false&amp;apos;. Did you interact with the correct element?
Build info: version: &amp;apos;4.25.0&amp;apos;, revision: &amp;apos;8a8aea2337&amp;apos;
System info: os.name: &amp;apos;Windows 11&amp;apos;, os.arch: &amp;apos;amd64&amp;apos;, os.version: &amp;apos;10.0&amp;apos;, java.version: &amp;apos;21.0.8&amp;apos;
Driver info: io.appium.java_client.android.AndroidDriver
Command: [9077026e-0552-420b-87ba-1061af87f0f5, sendKeysToElement {id=00000000-0000-0054-0000-02b300000007, value=[Ljava.lang.CharSequence;@7fd4acee}]
Capabilities {appium:activity: org.plasticbank.app.MainAct..., appium:autoGrantPermissions: true, appium:automationName: UiAutomator2, appium:databaseEnabled: false, appium:desired: {activity: org.plasticbank.app.MainAct..., autoGrantPermissions: true, automationName: UiAutomator2, deviceName: emulator-5554, package: org.plasticbank.app, platformName: ANDROID, platformVersion: 16}, appium:deviceApiLevel: 36, appium:deviceManufacturer: Google, appium:deviceModel: sdk_gphone64_x86_64, appium:deviceName: emulator-5554, appium:deviceScreenDensity: 420, appium:deviceScreenSize: 1080x2424, appium:deviceUDID: emulator-5554, appium:javascriptEnabled: true, appium:locationContextEnabled: false, appium:networkConnectionEnabled: true, appium:package: org.plasticbank.app, appium:pixelRatio: 2.625, appium:platformVersion: 16, appium:statBarHeight: 137, appium:takesScreenshot: true, appium:viewportRect: {height: 2287, left: 0, top: 137, width: 1080}, appium:warnings: {}, appium:webStorageEnabled: false, platformName: ANDROID}
Element: [[AndroidDriver:  on ANDROID (9077026e-0552-420b-87ba-1061af87f0f5)] -&amp;gt; xpath: //android.widget.EditText[@resource-id=&amp;apos;ion-input-3&amp;apos;]]
Session ID: 9077026e-0552-420b-87ba-1061af87f0f5">
      <![CDATA[org.openqa.selenium.InvalidElementStateException: ACTION_SET_PROGRESS has failed on the element 'android.view.accessibility.AccessibilityNodeInfo@e2a7; boundsInParent: Rect(0, 0 - 197, 48); boundsInScreen: Rect(422, 1136 - 939, 1262); boundsInWindow: Rect(422, 1136 - 939, 1262); packageName: org.plasticbank.app; className: android.widget.EditText; text: ; error: null; maxTextLength: -1; stateDescription: null; contentDescription: null; tooltipText: ; containerTitle: null; viewIdResName: ion-input-3; uniqueId: 691; checkable: false; checked: false; focusable: true; focused: false; selected: false; clickable: true; longClickable: false; contextClickable: false; enabled: true; password: false; scrollable: false; granularScrollingSupported: false; importantForAccessibility: false; visible: true; actions: [AccessibilityAction: ACTION_SHOW_ON_SCREEN - null, AccessibilityAction: ACTION_CONTEXT_CLICK - null, AccessibilityAction: ACTION_SET_PROGRESS - null, AccessibilityAction: ACTION_IME_ENTER - null, AccessibilityAction: ACTION_NEXT_HTML_ELEMENT - null, AccessibilityAction: ACTION_PREVIOUS_HTML_ELEMENT - null, AccessibilityAction: ACTION_SET_TEXT - null, AccessibilityAction: ACTION_PASTE - null, AccessibilityAction: ACTION_FOCUS - null, AccessibilityAction: ACTION_CLICK - null, AccessibilityAction: ACTION_ACCESSIBILITY_FOCUS - null]; isTextSelectable: false'. Did you interact with the correct element?
Build info: version: '4.25.0', revision: '8a8aea2337'
System info: os.name: 'Windows 11', os.arch: 'amd64', os.version: '10.0', java.version: '21.0.8'
Driver info: io.appium.java_client.android.AndroidDriver
Command: [9077026e-0552-420b-87ba-1061af87f0f5, sendKeysToElement {id=00000000-0000-0054-0000-02b300000007, value=[Ljava.lang.CharSequence;@7fd4acee}]
Capabilities {appium:activity: org.plasticbank.app.MainAct..., appium:autoGrantPermissions: true, appium:automationName: UiAutomator2, appium:databaseEnabled: false, appium:desired: {activity: org.plasticbank.app.MainAct..., autoGrantPermissions: true, automationName: UiAutomator2, deviceName: emulator-5554, package: org.plasticbank.app, platformName: ANDROID, platformVersion: 16}, appium:deviceApiLevel: 36, appium:deviceManufacturer: Google, appium:deviceModel: sdk_gphone64_x86_64, appium:deviceName: emulator-5554, appium:deviceScreenDensity: 420, appium:deviceScreenSize: 1080x2424, appium:deviceUDID: emulator-5554, appium:javascriptEnabled: true, appium:locationContextEnabled: false, appium:networkConnectionEnabled: true, appium:package: org.plasticbank.app, appium:pixelRatio: 2.625, appium:platformVersion: 16, appium:statBarHeight: 137, appium:takesScreenshot: true, appium:viewportRect: {height: 2287, left: 0, top: 137, width: 1080}, appium:warnings: {}, appium:webStorageEnabled: false, platformName: ANDROID}
Element: [[AndroidDriver:  on ANDROID (9077026e-0552-420b-87ba-1061af87f0f5)] -> xpath: //android.widget.EditText[@resource-id='ion-input-3']]
Session ID: 9077026e-0552-420b-87ba-1061af87f0f5
at java.base/jdk.internal.reflect.DirectConstructorHandleAccessor.newInstance(DirectConstructorHandleAccessor.java:62)
at java.base/java.lang.reflect.Constructor.newInstanceWithCaller(Constructor.java:502)
at java.base/java.lang.reflect.Constructor.newInstance(Constructor.java:486)
at org.openqa.selenium.remote.ErrorCodec.decode(ErrorCodec.java:167)
at org.openqa.selenium.remote.codec.w3c.W3CHttpResponseCodec.decode(W3CHttpResponseCodec.java:138)
at org.openqa.selenium.remote.codec.w3c.W3CHttpResponseCodec.decode(W3CHttpResponseCodec.java:50)
at org.openqa.selenium.remote.HttpCommandExecutor.execute(HttpCommandExecutor.java:190)
at io.appium.java_client.remote.AppiumCommandExecutor.execute(AppiumCommandExecutor.java:237)
at org.openqa.selenium.remote.RemoteWebDriver.execute(RemoteWebDriver.java:545)
at org.openqa.selenium.remote.RemoteWebElement.execute(RemoteWebElement.java:223)
at org.openqa.selenium.remote.RemoteWebElement.sendKeys(RemoteWebElement.java:110)
at java.base/jdk.internal.reflect.DirectMethodHandleAccessor.invoke(DirectMethodHandleAccessor.java:103)
at java.base/java.lang.reflect.Method.invoke(Method.java:580)
at org.openqa.selenium.support.pagefactory.internal.LocatingElementHandler.invoke(LocatingElementHandler.java:51)
at jdk.proxy2/jdk.proxy2.$Proxy10.sendKeys(Unknown Source)
at pixel9a.Pixel_test.signup(Pixel_test.java:102)
at java.base/jdk.internal.reflect.DirectMethodHandleAccessor.invoke(DirectMethodHandleAccessor.java:103)
at java.base/java.lang.reflect.Method.invoke(Method.java:580)
at org.testng.internal.invokers.MethodInvocationHelper.invokeMethod(MethodInvocationHelper.java:141)
at org.testng.internal.invokers.TestInvoker.invokeMethod(TestInvoker.java:687)
at org.testng.internal.invokers.TestInvoker.invokeTestMethod(TestInvoker.java:230)
at org.testng.internal.invokers.MethodRunner.runInSequence(MethodRunner.java:63)
at org.testng.internal.invokers.TestInvoker$MethodInvocationAgent.invoke(TestInvoker.java:995)
at org.testng.internal.invokers.TestInvoker.invokeTestMethods(TestInvoker.java:203)
at org.testng.internal.invokers.TestMethodWorker.invokeTestMethods(TestMethodWorker.java:154)
at org.testng.internal.invokers.TestMethodWorker.run(TestMethodWorker.java:134)
at java.base/java.util.ArrayList.forEach(ArrayList.java:1596)
at org.testng.TestRunner.privateRun(TestRunner.java:741)
at org.testng.TestRunner.run(TestRunner.java:616)
at org.testng.SuiteRunner.runTest(SuiteRunner.java:421)
at org.testng.SuiteRunner.runSequentially(SuiteRunner.java:413)
at org.testng.SuiteRunner.privateRun(SuiteRunner.java:373)
at org.testng.SuiteRunner.run(SuiteRunner.java:312)
at org.testng.SuiteRunnerWorker.runSuite(SuiteRunnerWorker.java:52)
at org.testng.SuiteRunnerWorker.run(SuiteRunnerWorker.java:95)
at org.testng.TestNG.runSuitesSequentially(TestNG.java:1274)
at org.testng.TestNG.runSuitesLocally(TestNG.java:1208)
at org.testng.TestNG.runSuites(TestNG.java:1112)
at org.testng.TestNG.run(TestNG.java:1079)
at org.testng.remote.AbstractRemoteTestNG.run(AbstractRemoteTestNG.java:115)
at org.testng.remote.RemoteTestNG.initAndRun(RemoteTestNG.java:293)
at org.testng.remote.RemoteTestNG.main(RemoteTestNG.java:91)
]]>
    </failure>
  </testcase> <!-- signup -->
  <testcase classname="pixel9a.Pixel_test" name="continueBTn" time="0.0">
    <ignored/>
  </testcase> <!-- continueBTn -->
  <testcase classname="pixel9a.Pixel_test" name="app" time="0.0">
    <ignored/>
  </testcase> <!-- app -->
</testsuite> <!-- Default test -->
